<?xml version="1.0" encoding="UTF-8"?>
<testng-results skipped="0" failed="0" total="1" passed="1">
  <reporter-output>
  </reporter-output>
  <suite name="Default suite" duration-ms="49485" started-at="2016-04-06T08:52:13Z" finished-at="2016-04-06T08:53:03Z">
    <groups>
    </groups>
    <test name="Default test" duration-ms="49485" started-at="2016-04-06T08:52:13Z" finished-at="2016-04-06T08:53:03Z">
      <class name="com.yunxun.moxian.test.welcome">
        <test-method status="PASS" signature="beforeTest()[pri:0, instance:com.yunxun.moxian.test.welcome@1888ff2c]" name="beforeTest" is-config="true" duration-ms="46267" started-at="2016-04-06T16:52:13Z" finished-at="2016-04-06T16:52:59Z">
          <reporter-output>
          </reporter-output>
        </test-method> <!-- beforeTest -->
        <test-method status="PASS" signature="isAppInstalled()[pri:0, instance:com.yunxun.moxian.test.welcome@1888ff2c]" name="isAppInstalled" duration-ms="886" started-at="2016-04-06T16:52:59Z" finished-at="2016-04-06T16:53:00Z">
          <reporter-output>
          </reporter-output>
        </test-method> <!-- isAppInstalled -->
        <test-method status="PASS" signature="afterTest()[pri:0, instance:com.yunxun.moxian.test.welcome@1888ff2c]" name="afterTest" is-config="true" duration-ms="2321" started-at="2016-04-06T16:53:00Z" finished-at="2016-04-06T16:53:03Z">
          <reporter-output>
          </reporter-output>
        </test-method> <!-- afterTest -->
      </class> <!-- com.yunxun.moxian.test.welcome -->
    </test> <!-- Default test -->
  </suite> <!-- Default suite -->
</testng-results>
